<?xml version="1.0" encoding="UTF-8"?>
<!-- Generated by org.testng.reporters.JUnitReportReporter -->
<testsuite hostname="QT-INBG-LT0163" failures="0" tests="1" name="twitter.ListAllTweets" time="3.600" errors="0" timestamp="2021-04-08T12:45:01 IST" skipped="0">
  <testcase classname="twitter.ListAllTweets" name="getUserTweets" time="3.600"/>
  <system-out/>
</testsuite> <!-- twitter.ListAllTweets -->
