<?xml version="1.0" encoding="UTF-8"?>
<!-- Generated by org.testng.reporters.JUnitReportReporter -->
<testsuite hostname="QT-INBG-LT0163" failures="0" tests="1" name="twitter.tweet" time="3.403" errors="0" timestamp="2021-04-08T11:14:56 IST" skipped="0">
  <testcase classname="twitter.tweet" name="API_test1" time="3.403"/>
  <system-out/>
</testsuite> <!-- twitter.tweet -->
