<?xml version="1.0" encoding="UTF-8"?>
<!-- Generated by org.testng.reporters.JUnitReportReporter -->
<testsuite hostname="QT-INBG-LT0163" failures="0" tests="1" name="twitter.Post_tweet" time="3.612" errors="0" timestamp="2021-04-08T12:42:21 IST" skipped="0">
  <testcase classname="twitter.Post_tweet" name="API_test1" time="3.612"/>
  <system-out/>
</testsuite> <!-- twitter.Post_tweet -->
