<?xml version="1.0" encoding="UTF-8"?>
<!-- Generated by org.testng.reporters.JUnitReportReporter -->
<testsuite hostname="QT-INBG-LT" failures="0" tests="4" name="twitter.first" time="5.981" errors="0" timestamp="2021-04-06T10:52:21 IST" skipped="0">
  <testcase classname="twitter.first" name="API_test" time="0.554"/>
  <system-out/>
  <testcase classname="twitter.first" name="API_test" time="0.585"/>
  <system-out/>
  <testcase classname="twitter.first" name="API_test" time="4.312"/>
  <system-out/>
  <testcase classname="twitter.first" name="API_test" time="0.530"/>
  <system-out/>
</testsuite> <!-- twitter.first -->
