<?xml version="1.0" encoding="UTF-8"?>
<!-- Generated by org.testng.reporters.JUnitReportReporter -->
<testsuite hostname="QT-INBG-LT0163" failures="0" tests="4" name="twitter.getTrends" time="5.133" errors="0" timestamp="2021-04-08T12:46:25 IST" skipped="0">
  <testcase classname="twitter.getTrends" name="API_test" time="0.565"/>
  <system-out/>
  <testcase classname="twitter.getTrends" name="API_test" time="0.573"/>
  <system-out/>
  <testcase classname="twitter.getTrends" name="API_test" time="0.555"/>
  <system-out/>
  <testcase classname="twitter.getTrends" name="API_test" time="3.440"/>
  <system-out/>
</testsuite> <!-- twitter.getTrends -->
