<?xml version="1.0" encoding="UTF-8"?>
<!-- Generated by org.testng.reporters.JUnitReportReporter -->
<testsuite hostname="QT-INBG-LT0163" failures="0" tests="1" name="twitter.BlockUser" time="3.531" errors="0" timestamp="2021-04-08T11:21:28 IST" skipped="0">
  <testcase classname="twitter.BlockUser" name="Block" time="3.531"/>
  <system-out/>
</testsuite> <!-- twitter.BlockUser -->
