<?xml version="1.0" encoding="UTF-8"?>
<!-- Generated by org.testng.reporters.JUnitReportReporter -->
<testsuite hostname="QT-INBG-LT0163" failures="0" tests="1" name="twitter.Weather" time="3.850" errors="0" timestamp="2021-04-08T12:44:01 IST" skipped="0">
  <testcase classname="twitter.Weather" name="weather_update" time="3.850"/>
  <system-out/>
</testsuite> <!-- twitter.Weather -->
